*** Start analyzing build configuration ***
*** List of included argument files ***
    Build configuration file:  /home/verifier/project/rkv_labs/AHB-GPIO/.dvt/default.build
*** List of invocations ***
Invocation #1 +dvt_init+dvt in /home/verifier/project/rkv_labs/AHB-GPIO/.dvt/default.build at line 3
*** Done analyzing build configuration [3 ms] ***
*** Start SystemVerilog build ***
*** Loading top files ***
Loading (1) /opt/dvt_eclipse/dvt_eclipse/predefined_projects/libs/uvm-1.2/src/uvm_pkg.sv ...
Loading (2) /opt/dvt_eclipse/dvt_eclipse/predefined_projects/libs/uvm-1.2/src/uvm_macros.svh ...
Loading (3) /opt/dvt_eclipse/dvt_eclipse/predefined_projects/libs/uvm-1.2/src/macros/uvm_version_defines.svh ...
Done /opt/dvt_eclipse/dvt_eclipse/predefined_projects/libs/uvm-1.2/src/macros/uvm_version_defines.svh [54 ms, 151 lines, SystemVerilog_2012] ...
Loading (4) /opt/dvt_eclipse/dvt_eclipse/predefined_projects/libs/uvm-1.2/src/macros/uvm_global_defines.svh ...
Done /opt/dvt_eclipse/dvt_eclipse/predefined_projects/libs/uvm-1.2/src/macros/uvm_global_defines.svh [0 ms, 61 lines, SystemVerilog_2012] ...
Loading (5) /opt/dvt_eclipse/dvt_eclipse/predefined_projects/libs/uvm-1.2/src/macros/uvm_message_defines.svh ...
Done /opt/dvt_eclipse/dvt_eclipse/predefined_projects/libs/uvm-1.2/src/macros/uvm_message_defines.svh [0 ms, 539 lines, SystemVerilog_2012] ...
Loading (6) /opt/dvt_eclipse/dvt_eclipse/predefined_projects/libs/uvm-1.2/src/macros/uvm_phase_defines.svh ...
Done /opt/dvt_eclipse/dvt_eclipse/predefined_projects/libs/uvm-1.2/src/macros/uvm_phase_defines.svh [0 ms, 130 lines, SystemVerilog_2012] ...
Loading (7) /opt/dvt_eclipse/dvt_eclipse/predefined_projects/libs/uvm-1.2/src/macros/uvm_object_defines.svh ...
Done /opt/dvt_eclipse/dvt_eclipse/predefined_projects/libs/uvm-1.2/src/macros/uvm_object_defines.svh [0 ms, 3815 lines, SystemVerilog_2012] ...
Loading (8) /opt/dvt_eclipse/dvt_eclipse/predefined_projects/libs/uvm-1.2/src/macros/uvm_printer_defines.svh ...
Done /opt/dvt_eclipse/dvt_eclipse/predefined_projects/libs/uvm-1.2/src/macros/uvm_printer_defines.svh [0 ms, 423 lines, SystemVerilog_2012] ...
Loading (9) /opt/dvt_eclipse/dvt_eclipse/predefined_projects/libs/uvm-1.2/src/macros/uvm_tlm_defines.svh ...
Loading (10) /opt/dvt_eclipse/dvt_eclipse/predefined_projects/libs/uvm-1.2/src/tlm1/uvm_tlm_imps.svh ...
Done /opt/dvt_eclipse/dvt_eclipse/predefined_projects/libs/uvm-1.2/src/tlm1/uvm_tlm_imps.svh [57 ms, 229 lines, SystemVerilog_2012] ...
Done /opt/dvt_eclipse/dvt_eclipse/predefined_projects/libs/uvm-1.2/src/macros/uvm_tlm_defines.svh [0 ms, 617 lines, SystemVerilog_2012] ...
Loading (11) /opt/dvt_eclipse/dvt_eclipse/predefined_projects/libs/uvm-1.2/src/macros/uvm_sequence_defines.svh ...
Done /opt/dvt_eclipse/dvt_eclipse/predefined_projects/libs/uvm-1.2/src/macros/uvm_sequence_defines.svh [0 ms, 456 lines, SystemVerilog_2012] ...
Loading (12) /opt/dvt_eclipse/dvt_eclipse/predefined_projects/libs/uvm-1.2/src/macros/uvm_callback_defines.svh ...
Done /opt/dvt_eclipse/dvt_eclipse/predefined_projects/libs/uvm-1.2/src/macros/uvm_callback_defines.svh [0 ms, 301 lines, SystemVerilog_2012] ...
Loading (13) /opt/dvt_eclipse/dvt_eclipse/predefined_projects/libs/uvm-1.2/src/macros/uvm_reg_defines.svh ...
Done /opt/dvt_eclipse/dvt_eclipse/predefined_projects/libs/uvm-1.2/src/macros/uvm_reg_defines.svh [0 ms, 69 lines, SystemVerilog_2012] ...
Loading (14) /opt/dvt_eclipse/dvt_eclipse/predefined_projects/libs/uvm-1.2/src/macros/uvm_deprecated_defines.svh ...
Done /opt/dvt_eclipse/dvt_eclipse/predefined_projects/libs/uvm-1.2/src/macros/uvm_deprecated_defines.svh [0 ms, 252 lines, SystemVerilog_2012] ...
Done /opt/dvt_eclipse/dvt_eclipse/predefined_projects/libs/uvm-1.2/src/uvm_macros.svh [0 ms, 82 lines, SystemVerilog_2012] ...
Loading (15) /opt/dvt_eclipse/dvt_eclipse/predefined_projects/libs/uvm-1.2/src/dpi/uvm_dpi.svh ...
Loading (16) /opt/dvt_eclipse/dvt_eclipse/predefined_projects/libs/uvm-1.2/src/dpi/uvm_hdl.svh ...
Done /opt/dvt_eclipse/dvt_eclipse/predefined_projects/libs/uvm-1.2/src/dpi/uvm_hdl.svh [1 ms, 164 lines, SystemVerilog_2012] ...
Loading (17) /opt/dvt_eclipse/dvt_eclipse/predefined_projects/libs/uvm-1.2/src/dpi/uvm_svcmd_dpi.svh ...
Done /opt/dvt_eclipse/dvt_eclipse/predefined_projects/libs/uvm-1.2/src/dpi/uvm_svcmd_dpi.svh [1 ms, 66 lines, SystemVerilog_2012] ...
Loading (18) /opt/dvt_eclipse/dvt_eclipse/predefined_projects/libs/uvm-1.2/src/dpi/uvm_regex.svh ...
Done /opt/dvt_eclipse/dvt_eclipse/predefined_projects/libs/uvm-1.2/src/dpi/uvm_regex.svh [0 ms, 89 lines, SystemVerilog_2012] ...
Done /opt/dvt_eclipse/dvt_eclipse/predefined_projects/libs/uvm-1.2/src/dpi/uvm_dpi.svh [0 ms, 44 lines, SystemVerilog_2012] ...
Loading (19) /opt/dvt_eclipse/dvt_eclipse/predefined_projects/libs/uvm-1.2/src/base/uvm_base.svh ...
Loading (20) /opt/dvt_eclipse/dvt_eclipse/predefined_projects/libs/uvm-1.2/src/base/uvm_coreservice.svh ...
Done /opt/dvt_eclipse/dvt_eclipse/predefined_projects/libs/uvm-1.2/src/base/uvm_coreservice.svh [1 ms, 224 lines, SystemVerilog_2012] ...
Loading (21) /opt/dvt_eclipse/dvt_eclipse/predefined_projects/libs/uvm-1.2/src/base/uvm_version.svh ...
Done /opt/dvt_eclipse/dvt_eclipse/predefined_projects/libs/uvm-1.2/src/base/uvm_version.svh [0 ms, 39 lines, SystemVerilog_2012] ...
Loading (22) /opt/dvt_eclipse/dvt_eclipse/predefined_projects/libs/uvm-1.2/src/base/uvm_object_globals.svh ...
Done /opt/dvt_eclipse/dvt_eclipse/predefined_projects/libs/uvm-1.2/src/base/uvm_object_globals.svh [3 ms, 658 lines, SystemVerilog_2012] ...
Loading (23) /opt/dvt_eclipse/dvt_eclipse/predefined_projects/libs/uvm-1.2/src/base/uvm_misc.svh ...
Done /opt/dvt_eclipse/dvt_eclipse/predefined_projects/libs/uvm-1.2/src/base/uvm_misc.svh [12 ms, 754 lines, SystemVerilog_2012] ...
Loading (24) /opt/dvt_eclipse/dvt_eclipse/predefined_projects/libs/uvm-1.2/src/base/uvm_object.svh ...
Done /opt/dvt_eclipse/dvt_eclipse/predefined_projects/libs/uvm-1.2/src/base/uvm_object.svh [18 ms, 1331 lines, SystemVerilog_2012] ...
Loading (25) /opt/dvt_eclipse/dvt_eclipse/predefined_projects/libs/uvm-1.2/src/base/uvm_pool.svh ...
Done /opt/dvt_eclipse/dvt_eclipse/predefined_projects/libs/uvm-1.2/src/base/uvm_pool.svh [3 ms, 348 lines, SystemVerilog_2012] ...
Loading (26) /opt/dvt_eclipse/dvt_eclipse/predefined_projects/libs/uvm-1.2/src/base/uvm_queue.svh ...
Done /opt/dvt_eclipse/dvt_eclipse/predefined_projects/libs/uvm-1.2/src/base/uvm_queue.svh [2 ms, 204 lines, SystemVerilog_2012] ...
Loading (27) /opt/dvt_eclipse/dvt_eclipse/predefined_projects/libs/uvm-1.2/src/base/uvm_factory.svh ...
Done /opt/dvt_eclipse/dvt_eclipse/predefined_projects/libs/uvm-1.2/src/base/uvm_factory.svh [39 ms, 1790 lines, SystemVerilog_2012] ...
Loading (28) /opt/dvt_eclipse/dvt_eclipse/predefined_projects/libs/uvm-1.2/src/base/uvm_registry.svh ...
Done /opt/dvt_eclipse/dvt_eclipse/predefined_projects/libs/uvm-1.2/src/base/uvm_registry.svh [2 ms, 381 lines, SystemVerilog_2012] ...
Loading (29) /opt/dvt_eclipse/dvt_eclipse/predefined_projects/libs/uvm-1.2/src/base/uvm_spell_chkr.svh ...
Done /opt/dvt_eclipse/dvt_eclipse/predefined_projects/libs/uvm-1.2/src/base/uvm_spell_chkr.svh [2 ms, 204 lines, SystemVerilog_2012] ...
Loading (30) /opt/dvt_eclipse/dvt_eclipse/predefined_projects/libs/uvm-1.2/src/base/uvm_resource.svh ...
Done /opt/dvt_eclipse/dvt_eclipse/predefined_projects/libs/uvm-1.2/src/base/uvm_resource.svh [14 ms, 1695 lines, SystemVerilog_2012] ...
Loading (31) /opt/dvt_eclipse/dvt_eclipse/predefined_projects/libs/uvm-1.2/src/base/uvm_resource_specializations.svh ...
Done /opt/dvt_eclipse/dvt_eclipse/predefined_projects/libs/uvm-1.2/src/base/uvm_resource_specializations.svh [5 ms, 171 lines, SystemVerilog_2012] ...
Loading (32) /opt/dvt_eclipse/dvt_eclipse/predefined_projects/libs/uvm-1.2/src/base/uvm_resource_db.svh ...
Done /opt/dvt_eclipse/dvt_eclipse/predefined_projects/libs/uvm-1.2/src/base/uvm_resource_db.svh [3 ms, 400 lines, SystemVerilog_2012] ...
Loading (33) /opt/dvt_eclipse/dvt_eclipse/predefined_projects/libs/uvm-1.2/src/base/uvm_config_db.svh ...
Done /opt/dvt_eclipse/dvt_eclipse/predefined_projects/libs/uvm-1.2/src/base/uvm_config_db.svh [2 ms, 411 lines, SystemVerilog_2012] ...
Loading (34) /opt/dvt_eclipse/dvt_eclipse/predefined_projects/libs/uvm-1.2/src/base/uvm_printer.svh ...
Done /opt/dvt_eclipse/dvt_eclipse/predefined_projects/libs/uvm-1.2/src/base/uvm_printer.svh [20 ms, 1232 lines, SystemVerilog_2012] ...
Loading (35) /opt/dvt_eclipse/dvt_eclipse/predefined_projects/libs/uvm-1.2/src/base/uvm_comparer.svh ...
Done /opt/dvt_eclipse/dvt_eclipse/predefined_projects/libs/uvm-1.2/src/base/uvm_comparer.svh [7 ms, 423 lines, SystemVerilog_2012] ...
Loading (36) /opt/dvt_eclipse/dvt_eclipse/predefined_projects/libs/uvm-1.2/src/base/uvm_packer.svh ...
Done /opt/dvt_eclipse/dvt_eclipse/predefined_projects/libs/uvm-1.2/src/base/uvm_packer.svh [46 ms, 1038 lines, SystemVerilog_2012] ...
Loading (37) /opt/dvt_eclipse/dvt_eclipse/predefined_projects/libs/uvm-1.2/src/base/uvm_links.svh ...
Done /opt/dvt_eclipse/dvt_eclipse/predefined_projects/libs/uvm-1.2/src/base/uvm_links.svh [19 ms, 371 lines, SystemVerilog_2012] ...
Loading (38) /opt/dvt_eclipse/dvt_eclipse/predefined_projects/libs/uvm-1.2/src/base/uvm_tr_database.svh ...
Done /opt/dvt_eclipse/dvt_eclipse/predefined_projects/libs/uvm-1.2/src/base/uvm_tr_database.svh [4 ms, 433 lines, SystemVerilog_2012] ...
Loading (39) /opt/dvt_eclipse/dvt_eclipse/predefined_projects/libs/uvm-1.2/src/base/uvm_tr_stream.svh ...
Done /opt/dvt_eclipse/dvt_eclipse/predefined_projects/libs/uvm-1.2/src/base/uvm_tr_stream.svh [4 ms, 592 lines, SystemVerilog_2012] ...
Loading (40) /opt/dvt_eclipse/dvt_eclipse/predefined_projects/libs/uvm-1.2/src/base/uvm_recorder.svh ...
Done /opt/dvt_eclipse/dvt_eclipse/predefined_projects/libs/uvm-1.2/src/base/uvm_recorder.svh [16 ms, 1141 lines, SystemVerilog_2012] ...
Loading (41) /opt/dvt_eclipse/dvt_eclipse/predefined_projects/libs/uvm-1.2/src/base/uvm_event_callback.svh ...
Done /opt/dvt_eclipse/dvt_eclipse/predefined_projects/libs/uvm-1.2/src/base/uvm_event_callback.svh [0 ms, 91 lines, SystemVerilog_2012] ...
Loading (42) /opt/dvt_eclipse/dvt_eclipse/predefined_projects/libs/uvm-1.2/src/base/uvm_event.svh ...
Done /opt/dvt_eclipse/dvt_eclipse/predefined_projects/libs/uvm-1.2/src/base/uvm_event.svh [4 ms, 395 lines, SystemVerilog_2012] ...
Loading (43) /opt/dvt_eclipse/dvt_eclipse/predefined_projects/libs/uvm-1.2/src/base/uvm_barrier.svh ...
Done /opt/dvt_eclipse/dvt_eclipse/predefined_projects/libs/uvm-1.2/src/base/uvm_barrier.svh [5 ms, 210 lines, SystemVerilog_2012] ...
Loading (44) /opt/dvt_eclipse/dvt_eclipse/predefined_projects/libs/uvm-1.2/src/base/uvm_callback.svh ...
Loading (45) /opt/dvt_eclipse/dvt_eclipse/predefined_projects/libs/uvm-1.2/src/uvm_macros.svh ...
Done /opt/dvt_eclipse/dvt_eclipse/predefined_projects/libs/uvm-1.2/src/uvm_macros.svh [0 ms, 82 lines, SystemVerilog_2012] ...
Done /opt/dvt_eclipse/dvt_eclipse/predefined_projects/libs/uvm-1.2/src/base/uvm_callback.svh [14 ms, 1199 lines, SystemVerilog_2012] ...
Loading (46) /opt/dvt_eclipse/dvt_eclipse/predefined_projects/libs/uvm-1.2/src/base/uvm_report_message.svh ...
Done /opt/dvt_eclipse/dvt_eclipse/predefined_projects/libs/uvm-1.2/src/base/uvm_report_message.svh [8 ms, 940 lines, SystemVerilog_2012] ...
Loading (47) /opt/dvt_eclipse/dvt_eclipse/predefined_projects/libs/uvm-1.2/src/base/uvm_report_catcher.svh ...
Done /opt/dvt_eclipse/dvt_eclipse/predefined_projects/libs/uvm-1.2/src/base/uvm_report_catcher.svh [5 ms, 713 lines, SystemVerilog_2012] ...
Loading (48) /opt/dvt_eclipse/dvt_eclipse/predefined_projects/libs/uvm-1.2/src/base/uvm_report_server.svh ...
Done /opt/dvt_eclipse/dvt_eclipse/predefined_projects/libs/uvm-1.2/src/base/uvm_report_server.svh [9 ms, 923 lines, SystemVerilog_2012] ...
Loading (49) /opt/dvt_eclipse/dvt_eclipse/predefined_projects/libs/uvm-1.2/src/base/uvm_report_handler.svh ...
Done /opt/dvt_eclipse/dvt_eclipse/predefined_projects/libs/uvm-1.2/src/base/uvm_report_handler.svh [11 ms, 801 lines, SystemVerilog_2012] ...
Loading (50) /opt/dvt_eclipse/dvt_eclipse/predefined_projects/libs/uvm-1.2/src/base/uvm_report_object.svh ...
Done /opt/dvt_eclipse/dvt_eclipse/predefined_projects/libs/uvm-1.2/src/base/uvm_report_object.svh [22 ms, 660 lines, SystemVerilog_2012] ...
Loading (51) /opt/dvt_eclipse/dvt_eclipse/predefined_projects/libs/uvm-1.2/src/base/uvm_transaction.svh ...
Done /opt/dvt_eclipse/dvt_eclipse/predefined_projects/libs/uvm-1.2/src/base/uvm_transaction.svh [4 ms, 781 lines, SystemVerilog_2012] ...
Loading (52) /opt/dvt_eclipse/dvt_eclipse/predefined_projects/libs/uvm-1.2/src/base/uvm_phase.svh ...
Done /opt/dvt_eclipse/dvt_eclipse/predefined_projects/libs/uvm-1.2/src/base/uvm_phase.svh [54 ms, 2254 lines, SystemVerilog_2012] ...
Loading (53) /opt/dvt_eclipse/dvt_eclipse/predefined_projects/libs/uvm-1.2/src/base/uvm_domain.svh ...
Done /opt/dvt_eclipse/dvt_eclipse/predefined_projects/libs/uvm-1.2/src/base/uvm_domain.svh [3 ms, 219 lines, SystemVerilog_2012] ...
Loading (54) /opt/dvt_eclipse/dvt_eclipse/predefined_projects/libs/uvm-1.2/src/base/uvm_bottomup_phase.svh ...
Done /opt/dvt_eclipse/dvt_eclipse/predefined_projects/libs/uvm-1.2/src/base/uvm_bottomup_phase.svh [2 ms, 113 lines, SystemVerilog_2012] ...
Loading (55) /opt/dvt_eclipse/dvt_eclipse/predefined_projects/libs/uvm-1.2/src/base/uvm_topdown_phase.svh ...
Done /opt/dvt_eclipse/dvt_eclipse/predefined_projects/libs/uvm-1.2/src/base/uvm_topdown_phase.svh [1 ms, 115 lines, SystemVerilog_2012] ...
Loading (56) /opt/dvt_eclipse/dvt_eclipse/predefined_projects/libs/uvm-1.2/src/base/uvm_task_phase.svh ...
Done /opt/dvt_eclipse/dvt_eclipse/predefined_projects/libs/uvm-1.2/src/base/uvm_task_phase.svh [2 ms, 162 lines, SystemVerilog_2012] ...
Loading (57) /opt/dvt_eclipse/dvt_eclipse/predefined_projects/libs/uvm-1.2/src/base/uvm_common_phases.svh ...
Done /opt/dvt_eclipse/dvt_eclipse/predefined_projects/libs/uvm-1.2/src/base/uvm_common_phases.svh [2 ms, 452 lines, SystemVerilog_2012] ...
Loading (58) /opt/dvt_eclipse/dvt_eclipse/predefined_projects/libs/uvm-1.2/src/base/uvm_runtime_phases.svh ...
Done /opt/dvt_eclipse/dvt_eclipse/predefined_projects/libs/uvm-1.2/src/base/uvm_runtime_phases.svh [2 ms, 556 lines, SystemVerilog_2012] ...
Loading (59) /opt/dvt_eclipse/dvt_eclipse/predefined_projects/libs/uvm-1.2/src/base/uvm_component.svh ...
Loading (60) /opt/dvt_eclipse/dvt_eclipse/predefined_projects/libs/uvm-1.2/src/base/uvm_root.svh ...
Done /opt/dvt_eclipse/dvt_eclipse/predefined_projects/libs/uvm-1.2/src/base/uvm_root.svh [34 ms, 1073 lines, SystemVerilog_2012] ...
Done /opt/dvt_eclipse/dvt_eclipse/predefined_projects/libs/uvm-1.2/src/base/uvm_component.svh [30 ms, 3639 lines, SystemVerilog_2012] ...
Loading (61) /opt/dvt_eclipse/dvt_eclipse/predefined_projects/libs/uvm-1.2/src/base/uvm_objection.svh ...
Done /opt/dvt_eclipse/dvt_eclipse/predefined_projects/libs/uvm-1.2/src/base/uvm_objection.svh [14 ms, 1454 lines, SystemVerilog_2012] ...
Loading (62) /opt/dvt_eclipse/dvt_eclipse/predefined_projects/libs/uvm-1.2/src/base/uvm_heartbeat.svh ...
Done /opt/dvt_eclipse/dvt_eclipse/predefined_projects/libs/uvm-1.2/src/base/uvm_heartbeat.svh [3 ms, 342 lines, SystemVerilog_2012] ...
Loading (63) /opt/dvt_eclipse/dvt_eclipse/predefined_projects/libs/uvm-1.2/src/base/uvm_globals.svh ...
Done /opt/dvt_eclipse/dvt_eclipse/predefined_projects/libs/uvm-1.2/src/base/uvm_globals.svh [15 ms, 565 lines, SystemVerilog_2012] ...
Loading (64) /opt/dvt_eclipse/dvt_eclipse/predefined_projects/libs/uvm-1.2/src/base/uvm_cmdline_processor.svh ...
Done /opt/dvt_eclipse/dvt_eclipse/predefined_projects/libs/uvm-1.2/src/base/uvm_cmdline_processor.svh [2 ms, 462 lines, SystemVerilog_2012] ...
Loading (65) /opt/dvt_eclipse/dvt_eclipse/predefined_projects/libs/uvm-1.2/src/base/uvm_traversal.svh ...
Done /opt/dvt_eclipse/dvt_eclipse/predefined_projects/libs/uvm-1.2/src/base/uvm_traversal.svh [2 ms, 289 lines, SystemVerilog_2012] ...
Done /opt/dvt_eclipse/dvt_eclipse/predefined_projects/libs/uvm-1.2/src/base/uvm_base.svh [0 ms, 113 lines, SystemVerilog_2012] ...
Loading (66) /opt/dvt_eclipse/dvt_eclipse/predefined_projects/libs/uvm-1.2/src/dap/uvm_dap.svh ...
Loading (67) /opt/dvt_eclipse/dvt_eclipse/predefined_projects/libs/uvm-1.2/src/dap/uvm_set_get_dap_base.svh ...
Done /opt/dvt_eclipse/dvt_eclipse/predefined_projects/libs/uvm-1.2/src/dap/uvm_set_get_dap_base.svh [0 ms, 84 lines, SystemVerilog_2012] ...
Loading (68) /opt/dvt_eclipse/dvt_eclipse/predefined_projects/libs/uvm-1.2/src/dap/uvm_simple_lock_dap.svh ...
Done /opt/dvt_eclipse/dvt_eclipse/predefined_projects/libs/uvm-1.2/src/dap/uvm_simple_lock_dap.svh [2 ms, 179 lines, SystemVerilog_2012] ...
Loading (69) /opt/dvt_eclipse/dvt_eclipse/predefined_projects/libs/uvm-1.2/src/dap/uvm_get_to_lock_dap.svh ...
Done /opt/dvt_eclipse/dvt_eclipse/predefined_projects/libs/uvm-1.2/src/dap/uvm_get_to_lock_dap.svh [2 ms, 155 lines, SystemVerilog_2012] ...
Loading (70) /opt/dvt_eclipse/dvt_eclipse/predefined_projects/libs/uvm-1.2/src/dap/uvm_set_before_get_dap.svh ...
Done /opt/dvt_eclipse/dvt_eclipse/predefined_projects/libs/uvm-1.2/src/dap/uvm_set_before_get_dap.svh [2 ms, 185 lines, SystemVerilog_2012] ...
Done /opt/dvt_eclipse/dvt_eclipse/predefined_projects/libs/uvm-1.2/src/dap/uvm_dap.svh [0 ms, 35 lines, SystemVerilog_2012] ...
Loading (71) /opt/dvt_eclipse/dvt_eclipse/predefined_projects/libs/uvm-1.2/src/tlm1/uvm_tlm.svh ...
Loading (72) /opt/dvt_eclipse/dvt_eclipse/predefined_projects/libs/uvm-1.2/src/tlm1/uvm_tlm_ifs.svh ...
Done /opt/dvt_eclipse/dvt_eclipse/predefined_projects/libs/uvm-1.2/src/tlm1/uvm_tlm_ifs.svh [1 ms, 219 lines, SystemVerilog_2012] ...
Loading (73) /opt/dvt_eclipse/dvt_eclipse/predefined_projects/libs/uvm-1.2/src/tlm1/uvm_sqr_ifs.svh ...
Done /opt/dvt_eclipse/dvt_eclipse/predefined_projects/libs/uvm-1.2/src/tlm1/uvm_sqr_ifs.svh [1 ms, 253 lines, SystemVerilog_2012] ...
Loading (74) /opt/dvt_eclipse/dvt_eclipse/predefined_projects/libs/uvm-1.2/src/base/uvm_port_base.svh ...
Done /opt/dvt_eclipse/dvt_eclipse/predefined_projects/libs/uvm-1.2/src/base/uvm_port_base.svh [8 ms, 793 lines, SystemVerilog_2012] ...
Loading (75) /opt/dvt_eclipse/dvt_eclipse/predefined_projects/libs/uvm-1.2/src/tlm1/uvm_tlm_imps.svh ...
Done /opt/dvt_eclipse/dvt_eclipse/predefined_projects/libs/uvm-1.2/src/tlm1/uvm_tlm_imps.svh [0 ms, 229 lines, SystemVerilog_2012] ...
Loading (76) /opt/dvt_eclipse/dvt_eclipse/predefined_projects/libs/uvm-1.2/src/tlm1/uvm_imps.svh ...
Done /opt/dvt_eclipse/dvt_eclipse/predefined_projects/libs/uvm-1.2/src/tlm1/uvm_imps.svh [6 ms, 317 lines, SystemVerilog_2012] ...
Loading (77) /opt/dvt_eclipse/dvt_eclipse/predefined_projects/libs/uvm-1.2/src/tlm1/uvm_ports.svh ...
Done /opt/dvt_eclipse/dvt_eclipse/predefined_projects/libs/uvm-1.2/src/tlm1/uvm_ports.svh [8 ms, 263 lines, SystemVerilog_2012] ...
Loading (78) /opt/dvt_eclipse/dvt_eclipse/predefined_projects/libs/uvm-1.2/src/tlm1/uvm_exports.svh ...
Done /opt/dvt_eclipse/dvt_eclipse/predefined_projects/libs/uvm-1.2/src/tlm1/uvm_exports.svh [6 ms, 260 lines, SystemVerilog_2012] ...
Loading (79) /opt/dvt_eclipse/dvt_eclipse/predefined_projects/libs/uvm-1.2/src/tlm1/uvm_analysis_port.svh ...
Done /opt/dvt_eclipse/dvt_eclipse/predefined_projects/libs/uvm-1.2/src/tlm1/uvm_analysis_port.svh [2 ms, 156 lines, SystemVerilog_2012] ...
Loading (80) /opt/dvt_eclipse/dvt_eclipse/predefined_projects/libs/uvm-1.2/src/tlm1/uvm_tlm_fifo_base.svh ...
Done /opt/dvt_eclipse/dvt_eclipse/predefined_projects/libs/uvm-1.2/src/tlm1/uvm_tlm_fifo_base.svh [2 ms, 253 lines, SystemVerilog_2012] ...
Loading (81) /opt/dvt_eclipse/dvt_eclipse/predefined_projects/libs/uvm-1.2/src/tlm1/uvm_tlm_fifos.svh ...
Done /opt/dvt_eclipse/dvt_eclipse/predefined_projects/libs/uvm-1.2/src/tlm1/uvm_tlm_fifos.svh [12 ms, 239 lines, SystemVerilog_2012] ...
Loading (82) /opt/dvt_eclipse/dvt_eclipse/predefined_projects/libs/uvm-1.2/src/tlm1/uvm_tlm_req_rsp.svh ...
Done /opt/dvt_eclipse/dvt_eclipse/predefined_projects/libs/uvm-1.2/src/tlm1/uvm_tlm_req_rsp.svh [2 ms, 349 lines, SystemVerilog_2012] ...
Loading (83) /opt/dvt_eclipse/dvt_eclipse/predefined_projects/libs/uvm-1.2/src/tlm1/uvm_sqr_connections.svh ...
Done /opt/dvt_eclipse/dvt_eclipse/predefined_projects/libs/uvm-1.2/src/tlm1/uvm_sqr_connections.svh [2 ms, 84 lines, SystemVerilog_2012] ...
Done /opt/dvt_eclipse/dvt_eclipse/predefined_projects/libs/uvm-1.2/src/tlm1/uvm_tlm.svh [0 ms, 40 lines, SystemVerilog_2012] ...
Loading (84) /opt/dvt_eclipse/dvt_eclipse/predefined_projects/libs/uvm-1.2/src/comps/uvm_comps.svh ...
Loading (85) /opt/dvt_eclipse/dvt_eclipse/predefined_projects/libs/uvm-1.2/src/comps/uvm_pair.svh ...
Done /opt/dvt_eclipse/dvt_eclipse/predefined_projects/libs/uvm-1.2/src/comps/uvm_pair.svh [3 ms, 171 lines, SystemVerilog_2012] ...
Loading (86) /opt/dvt_eclipse/dvt_eclipse/predefined_projects/libs/uvm-1.2/src/comps/uvm_policies.svh ...
Done /opt/dvt_eclipse/dvt_eclipse/predefined_projects/libs/uvm-1.2/src/comps/uvm_policies.svh [0 ms, 142 lines, SystemVerilog_2012] ...
Loading (87) /opt/dvt_eclipse/dvt_eclipse/predefined_projects/libs/uvm-1.2/src/comps/uvm_in_order_comparator.svh ...
Done /opt/dvt_eclipse/dvt_eclipse/predefined_projects/libs/uvm-1.2/src/comps/uvm_in_order_comparator.svh [2 ms, 260 lines, SystemVerilog_2012] ...
Loading (88) /opt/dvt_eclipse/dvt_eclipse/predefined_projects/libs/uvm-1.2/src/comps/uvm_algorithmic_comparator.svh ...
Done /opt/dvt_eclipse/dvt_eclipse/predefined_projects/libs/uvm-1.2/src/comps/uvm_algorithmic_comparator.svh [0 ms, 135 lines, SystemVerilog_2012] ...
Loading (89) /opt/dvt_eclipse/dvt_eclipse/predefined_projects/libs/uvm-1.2/src/comps/uvm_random_stimulus.svh ...
Done /opt/dvt_eclipse/dvt_eclipse/predefined_projects/libs/uvm-1.2/src/comps/uvm_random_stimulus.svh [1 ms, 132 lines, SystemVerilog_2012] ...
Loading (90) /opt/dvt_eclipse/dvt_eclipse/predefined_projects/libs/uvm-1.2/src/comps/uvm_subscriber.svh ...
Done /opt/dvt_eclipse/dvt_eclipse/predefined_projects/libs/uvm-1.2/src/comps/uvm_subscriber.svh [0 ms, 68 lines, SystemVerilog_2012] ...
Loading (91) /opt/dvt_eclipse/dvt_eclipse/predefined_projects/libs/uvm-1.2/src/comps/uvm_monitor.svh ...
Done /opt/dvt_eclipse/dvt_eclipse/predefined_projects/libs/uvm-1.2/src/comps/uvm_monitor.svh [0 ms, 54 lines, SystemVerilog_2012] ...
Loading (92) /opt/dvt_eclipse/dvt_eclipse/predefined_projects/libs/uvm-1.2/src/comps/uvm_driver.svh ...
Done /opt/dvt_eclipse/dvt_eclipse/predefined_projects/libs/uvm-1.2/src/comps/uvm_driver.svh [1 ms, 89 lines, SystemVerilog_2012] ...
Loading (93) /opt/dvt_eclipse/dvt_eclipse/predefined_projects/libs/uvm-1.2/src/comps/uvm_push_driver.svh ...
Done /opt/dvt_eclipse/dvt_eclipse/predefined_projects/libs/uvm-1.2/src/comps/uvm_push_driver.svh [0 ms, 97 lines, SystemVerilog_2012] ...
Loading (94) /opt/dvt_eclipse/dvt_eclipse/predefined_projects/libs/uvm-1.2/src/comps/uvm_scoreboard.svh ...
Done /opt/dvt_eclipse/dvt_eclipse/predefined_projects/libs/uvm-1.2/src/comps/uvm_scoreboard.svh [0 ms, 56 lines, SystemVerilog_2012] ...
Loading (95) /opt/dvt_eclipse/dvt_eclipse/predefined_projects/libs/uvm-1.2/src/comps/uvm_agent.svh ...
Done /opt/dvt_eclipse/dvt_eclipse/predefined_projects/libs/uvm-1.2/src/comps/uvm_agent.svh [2 ms, 136 lines, SystemVerilog_2012] ...
Loading (96) /opt/dvt_eclipse/dvt_eclipse/predefined_projects/libs/uvm-1.2/src/comps/uvm_env.svh ...
Done /opt/dvt_eclipse/dvt_eclipse/predefined_projects/libs/uvm-1.2/src/comps/uvm_env.svh [0 ms, 54 lines, SystemVerilog_2012] ...
Loading (97) /opt/dvt_eclipse/dvt_eclipse/predefined_projects/libs/uvm-1.2/src/comps/uvm_test.svh ...
Done /opt/dvt_eclipse/dvt_eclipse/predefined_projects/libs/uvm-1.2/src/comps/uvm_test.svh [0 ms, 82 lines, SystemVerilog_2012] ...
Done /opt/dvt_eclipse/dvt_eclipse/predefined_projects/libs/uvm-1.2/src/comps/uvm_comps.svh [0 ms, 37 lines, SystemVerilog_2012] ...
Loading (98) /opt/dvt_eclipse/dvt_eclipse/predefined_projects/libs/uvm-1.2/src/seq/uvm_seq.svh ...
Loading (99) /opt/dvt_eclipse/dvt_eclipse/predefined_projects/libs/uvm-1.2/src/seq/uvm_sequence_item.svh ...
Done /opt/dvt_eclipse/dvt_eclipse/predefined_projects/libs/uvm-1.2/src/seq/uvm_sequence_item.svh [5 ms, 498 lines, SystemVerilog_2012] ...
Loading (100) /opt/dvt_eclipse/dvt_eclipse/predefined_projects/libs/uvm-1.2/src/seq/uvm_sequencer_base.svh ...
Done /opt/dvt_eclipse/dvt_eclipse/predefined_projects/libs/uvm-1.2/src/seq/uvm_sequencer_base.svh [25 ms, 1775 lines, SystemVerilog_2012] ...
Loading (101) /opt/dvt_eclipse/dvt_eclipse/predefined_projects/libs/uvm-1.2/src/seq/uvm_sequencer_analysis_fifo.svh ...
Done /opt/dvt_eclipse/dvt_eclipse/predefined_projects/libs/uvm-1.2/src/seq/uvm_sequencer_analysis_fifo.svh [1 ms, 39 lines, SystemVerilog_2012] ...
Loading (102) /opt/dvt_eclipse/dvt_eclipse/predefined_projects/libs/uvm-1.2/src/seq/uvm_sequencer_param_base.svh ...
Done /opt/dvt_eclipse/dvt_eclipse/predefined_projects/libs/uvm-1.2/src/seq/uvm_sequencer_param_base.svh [2 ms, 460 lines, SystemVerilog_2012] ...
Loading (103) /opt/dvt_eclipse/dvt_eclipse/predefined_projects/libs/uvm-1.2/src/seq/uvm_sequencer.svh ...
Done /opt/dvt_eclipse/dvt_eclipse/predefined_projects/libs/uvm-1.2/src/seq/uvm_sequencer.svh [6 ms, 347 lines, SystemVerilog_2012] ...
Loading (104) /opt/dvt_eclipse/dvt_eclipse/predefined_projects/libs/uvm-1.2/src/seq/uvm_push_sequencer.svh ...
Done /opt/dvt_eclipse/dvt_eclipse/predefined_projects/libs/uvm-1.2/src/seq/uvm_push_sequencer.svh [0 ms, 85 lines, SystemVerilog_2012] ...
Loading (105) /opt/dvt_eclipse/dvt_eclipse/predefined_projects/libs/uvm-1.2/src/seq/uvm_sequence_base.svh ...
Done /opt/dvt_eclipse/dvt_eclipse/predefined_projects/libs/uvm-1.2/src/seq/uvm_sequence_base.svh [12 ms, 1405 lines, SystemVerilog_2012] ...
Loading (106) /opt/dvt_eclipse/dvt_eclipse/predefined_projects/libs/uvm-1.2/src/seq/uvm_sequence.svh ...
Done /opt/dvt_eclipse/dvt_eclipse/predefined_projects/libs/uvm-1.2/src/seq/uvm_sequence.svh [1 ms, 148 lines, SystemVerilog_2012] ...
Loading (107) /opt/dvt_eclipse/dvt_eclipse/predefined_projects/libs/uvm-1.2/src/seq/uvm_sequence_library.svh ...
Done /opt/dvt_eclipse/dvt_eclipse/predefined_projects/libs/uvm-1.2/src/seq/uvm_sequence_library.svh [13 ms, 813 lines, SystemVerilog_2012] ...
Loading (108) /opt/dvt_eclipse/dvt_eclipse/predefined_projects/libs/uvm-1.2/src/seq/uvm_sequence_builtin.svh ...
Done /opt/dvt_eclipse/dvt_eclipse/predefined_projects/libs/uvm-1.2/src/seq/uvm_sequence_builtin.svh [4 ms, 301 lines, SystemVerilog_2012] ...
Done /opt/dvt_eclipse/dvt_eclipse/predefined_projects/libs/uvm-1.2/src/seq/uvm_seq.svh [0 ms, 40 lines, SystemVerilog_2012] ...
Loading (109) /opt/dvt_eclipse/dvt_eclipse/predefined_projects/libs/uvm-1.2/src/tlm2/uvm_tlm2.svh ...
Loading (110) /opt/dvt_eclipse/dvt_eclipse/predefined_projects/libs/uvm-1.2/src/tlm2/uvm_tlm2_defines.svh ...
Done /opt/dvt_eclipse/dvt_eclipse/predefined_projects/libs/uvm-1.2/src/tlm2/uvm_tlm2_defines.svh [0 ms, 45 lines, SystemVerilog_2012] ...
Loading (111) /opt/dvt_eclipse/dvt_eclipse/predefined_projects/libs/uvm-1.2/src/tlm2/uvm_tlm2_time.svh ...
Done /opt/dvt_eclipse/dvt_eclipse/predefined_projects/libs/uvm-1.2/src/tlm2/uvm_tlm2_time.svh [2 ms, 333 lines, SystemVerilog_2012] ...
Loading (112) /opt/dvt_eclipse/dvt_eclipse/predefined_projects/libs/uvm-1.2/src/tlm2/uvm_tlm2_generic_payload.svh ...
Done /opt/dvt_eclipse/dvt_eclipse/predefined_projects/libs/uvm-1.2/src/tlm2/uvm_tlm2_generic_payload.svh [15 ms, 1053 lines, SystemVerilog_2012] ...
Loading (113) /opt/dvt_eclipse/dvt_eclipse/predefined_projects/libs/uvm-1.2/src/tlm2/uvm_tlm2_ifs.svh ...
Done /opt/dvt_eclipse/dvt_eclipse/predefined_projects/libs/uvm-1.2/src/tlm2/uvm_tlm2_ifs.svh [1 ms, 178 lines, SystemVerilog_2012] ...
Loading (114) /opt/dvt_eclipse/dvt_eclipse/predefined_projects/libs/uvm-1.2/src/tlm2/uvm_tlm2_imps.svh ...
Done /opt/dvt_eclipse/dvt_eclipse/predefined_projects/libs/uvm-1.2/src/tlm2/uvm_tlm2_imps.svh [1 ms, 203 lines, SystemVerilog_2012] ...
Loading (115) /opt/dvt_eclipse/dvt_eclipse/predefined_projects/libs/uvm-1.2/src/tlm2/uvm_tlm2_ports.svh ...
Done /opt/dvt_eclipse/dvt_eclipse/predefined_projects/libs/uvm-1.2/src/tlm2/uvm_tlm2_ports.svh [1 ms, 75 lines, SystemVerilog_2012] ...
Loading (116) /opt/dvt_eclipse/dvt_eclipse/predefined_projects/libs/uvm-1.2/src/tlm2/uvm_tlm2_exports.svh ...
Done /opt/dvt_eclipse/dvt_eclipse/predefined_projects/libs/uvm-1.2/src/tlm2/uvm_tlm2_exports.svh [1 ms, 65 lines, SystemVerilog_2012] ...
Loading (117) /opt/dvt_eclipse/dvt_eclipse/predefined_projects/libs/uvm-1.2/src/tlm2/uvm_tlm2_sockets_base.svh ...
Done /opt/dvt_eclipse/dvt_eclipse/predefined_projects/libs/uvm-1.2/src/tlm2/uvm_tlm2_sockets_base.svh [12 ms, 195 lines, SystemVerilog_2012] ...
Loading (118) /opt/dvt_eclipse/dvt_eclipse/predefined_projects/libs/uvm-1.2/src/tlm2/uvm_tlm2_sockets.svh ...
Done /opt/dvt_eclipse/dvt_eclipse/predefined_projects/libs/uvm-1.2/src/tlm2/uvm_tlm2_sockets.svh [4 ms, 435 lines, SystemVerilog_2012] ...
Done /opt/dvt_eclipse/dvt_eclipse/predefined_projects/libs/uvm-1.2/src/tlm2/uvm_tlm2.svh [0 ms, 30 lines, SystemVerilog_2012] ...
Loading (119) /opt/dvt_eclipse/dvt_eclipse/predefined_projects/libs/uvm-1.2/src/reg/uvm_reg_model.svh ...
Loading (120) /opt/dvt_eclipse/dvt_eclipse/predefined_projects/libs/uvm-1.2/src/reg/uvm_reg_item.svh ...
Done /opt/dvt_eclipse/dvt_eclipse/predefined_projects/libs/uvm-1.2/src/reg/uvm_reg_item.svh [5 ms, 316 lines, SystemVerilog_2012] ...
Loading (121) /opt/dvt_eclipse/dvt_eclipse/predefined_projects/libs/uvm-1.2/src/reg/uvm_reg_adapter.svh ...
Done /opt/dvt_eclipse/dvt_eclipse/predefined_projects/libs/uvm-1.2/src/reg/uvm_reg_adapter.svh [2 ms, 254 lines, SystemVerilog_2012] ...
Loading (122) /opt/dvt_eclipse/dvt_eclipse/predefined_projects/libs/uvm-1.2/src/reg/uvm_reg_predictor.svh ...
Done /opt/dvt_eclipse/dvt_eclipse/predefined_projects/libs/uvm-1.2/src/reg/uvm_reg_predictor.svh [4 ms, 265 lines, SystemVerilog_2012] ...
Loading (123) /opt/dvt_eclipse/dvt_eclipse/predefined_projects/libs/uvm-1.2/src/reg/uvm_reg_sequence.svh ...
Done /opt/dvt_eclipse/dvt_eclipse/predefined_projects/libs/uvm-1.2/src/reg/uvm_reg_sequence.svh [4 ms, 548 lines, SystemVerilog_2012] ...
Loading (124) /opt/dvt_eclipse/dvt_eclipse/predefined_projects/libs/uvm-1.2/src/reg/uvm_reg_cbs.svh ...
Done /opt/dvt_eclipse/dvt_eclipse/predefined_projects/libs/uvm-1.2/src/reg/uvm_reg_cbs.svh [5 ms, 530 lines, SystemVerilog_2012] ...
Loading (125) /opt/dvt_eclipse/dvt_eclipse/predefined_projects/libs/uvm-1.2/src/reg/uvm_reg_backdoor.svh ...
Done /opt/dvt_eclipse/dvt_eclipse/predefined_projects/libs/uvm-1.2/src/reg/uvm_reg_backdoor.svh [4 ms, 348 lines, SystemVerilog_2012] ...
Loading (126) /opt/dvt_eclipse/dvt_eclipse/predefined_projects/libs/uvm-1.2/src/reg/uvm_reg_field.svh ...
Done /opt/dvt_eclipse/dvt_eclipse/predefined_projects/libs/uvm-1.2/src/reg/uvm_reg_field.svh [60 ms, 2013 lines, SystemVerilog_2012] ...
Loading (127) /opt/dvt_eclipse/dvt_eclipse/predefined_projects/libs/uvm-1.2/src/reg/uvm_vreg_field.svh ...
Done /opt/dvt_eclipse/dvt_eclipse/predefined_projects/libs/uvm-1.2/src/reg/uvm_vreg_field.svh [12 ms, 1005 lines, SystemVerilog_2012] ...
Loading (128) /opt/dvt_eclipse/dvt_eclipse/predefined_projects/libs/uvm-1.2/src/reg/uvm_reg.svh ...
Done /opt/dvt_eclipse/dvt_eclipse/predefined_projects/libs/uvm-1.2/src/reg/uvm_reg.svh [30 ms, 3102 lines, SystemVerilog_2012] ...
Loading (129) /opt/dvt_eclipse/dvt_eclipse/predefined_projects/libs/uvm-1.2/src/reg/uvm_reg_indirect.svh ...
Done /opt/dvt_eclipse/dvt_eclipse/predefined_projects/libs/uvm-1.2/src/reg/uvm_reg_indirect.svh [6 ms, 330 lines, SystemVerilog_2012] ...
Loading (130) /opt/dvt_eclipse/dvt_eclipse/predefined_projects/libs/uvm-1.2/src/reg/uvm_reg_fifo.svh ...
Done /opt/dvt_eclipse/dvt_eclipse/predefined_projects/libs/uvm-1.2/src/reg/uvm_reg_fifo.svh [29 ms, 311 lines, SystemVerilog_2012] ...
Loading (131) /opt/dvt_eclipse/dvt_eclipse/predefined_projects/libs/uvm-1.2/src/reg/uvm_reg_file.svh ...
Done /opt/dvt_eclipse/dvt_eclipse/predefined_projects/libs/uvm-1.2/src/reg/uvm_reg_file.svh [4 ms, 501 lines, SystemVerilog_2012] ...
Loading (132) /opt/dvt_eclipse/dvt_eclipse/predefined_projects/libs/uvm-1.2/src/reg/uvm_mem_mam.svh ...
Done /opt/dvt_eclipse/dvt_eclipse/predefined_projects/libs/uvm-1.2/src/reg/uvm_mem_mam.svh [23 ms, 1019 lines, SystemVerilog_2012] ...
Loading (133) /opt/dvt_eclipse/dvt_eclipse/predefined_projects/libs/uvm-1.2/src/reg/uvm_vreg.svh ...
Done /opt/dvt_eclipse/dvt_eclipse/predefined_projects/libs/uvm-1.2/src/reg/uvm_vreg.svh [17 ms, 1554 lines, SystemVerilog_2012] ...
Loading (134) /opt/dvt_eclipse/dvt_eclipse/predefined_projects/libs/uvm-1.2/src/reg/uvm_mem.svh ...
Done /opt/dvt_eclipse/dvt_eclipse/predefined_projects/libs/uvm-1.2/src/reg/uvm_mem.svh [39 ms, 2410 lines, SystemVerilog_2012] ...
Loading (135) /opt/dvt_eclipse/dvt_eclipse/predefined_projects/libs/uvm-1.2/src/reg/uvm_reg_map.svh ...
Done /opt/dvt_eclipse/dvt_eclipse/predefined_projects/libs/uvm-1.2/src/reg/uvm_reg_map.svh [30 ms, 2225 lines, SystemVerilog_2012] ...
Loading (136) /opt/dvt_eclipse/dvt_eclipse/predefined_projects/libs/uvm-1.2/src/reg/uvm_reg_block.svh ...
Done /opt/dvt_eclipse/dvt_eclipse/predefined_projects/libs/uvm-1.2/src/reg/uvm_reg_block.svh [20 ms, 2272 lines, SystemVerilog_2012] ...
Loading (137) /opt/dvt_eclipse/dvt_eclipse/predefined_projects/libs/uvm-1.2/src/reg/sequences/uvm_reg_hw_reset_seq.svh ...
Done /opt/dvt_eclipse/dvt_eclipse/predefined_projects/libs/uvm-1.2/src/reg/sequences/uvm_reg_hw_reset_seq.svh [1 ms, 172 lines, SystemVerilog_2012] ...
Loading (138) /opt/dvt_eclipse/dvt_eclipse/predefined_projects/libs/uvm-1.2/src/reg/sequences/uvm_reg_bit_bash_seq.svh ...
Done /opt/dvt_eclipse/dvt_eclipse/predefined_projects/libs/uvm-1.2/src/reg/sequences/uvm_reg_bit_bash_seq.svh [6 ms, 303 lines, SystemVerilog_2012] ...
Loading (139) /opt/dvt_eclipse/dvt_eclipse/predefined_projects/libs/uvm-1.2/src/reg/sequences/uvm_mem_walk_seq.svh ...
Done /opt/dvt_eclipse/dvt_eclipse/predefined_projects/libs/uvm-1.2/src/reg/sequences/uvm_mem_walk_seq.svh [16 ms, 300 lines, SystemVerilog_2012] ...
Loading (140) /opt/dvt_eclipse/dvt_eclipse/predefined_projects/libs/uvm-1.2/src/reg/sequences/uvm_mem_access_seq.svh ...
Done /opt/dvt_eclipse/dvt_eclipse/predefined_projects/libs/uvm-1.2/src/reg/sequences/uvm_mem_access_seq.svh [5 ms, 308 lines, SystemVerilog_2012] ...
Loading (141) /opt/dvt_eclipse/dvt_eclipse/predefined_projects/libs/uvm-1.2/src/reg/sequences/uvm_reg_access_seq.svh ...
Done /opt/dvt_eclipse/dvt_eclipse/predefined_projects/libs/uvm-1.2/src/reg/sequences/uvm_reg_access_seq.svh [12 ms, 366 lines, SystemVerilog_2012] ...
Loading (142) /opt/dvt_eclipse/dvt_eclipse/predefined_projects/libs/uvm-1.2/src/reg/sequences/uvm_reg_mem_shared_access_seq.svh ...
Done /opt/dvt_eclipse/dvt_eclipse/predefined_projects/libs/uvm-1.2/src/reg/sequences/uvm_reg_mem_shared_access_seq.svh [13 ms, 486 lines, SystemVerilog_2012] ...
Loading (143) /opt/dvt_eclipse/dvt_eclipse/predefined_projects/libs/uvm-1.2/src/reg/sequences/uvm_reg_mem_built_in_seq.svh ...
Done /opt/dvt_eclipse/dvt_eclipse/predefined_projects/libs/uvm-1.2/src/reg/sequences/uvm_reg_mem_built_in_seq.svh [3 ms, 139 lines, SystemVerilog_2012] ...
Loading (144) /opt/dvt_eclipse/dvt_eclipse/predefined_projects/libs/uvm-1.2/src/reg/sequences/uvm_reg_mem_hdl_paths_seq.svh ...
Done /opt/dvt_eclipse/dvt_eclipse/predefined_projects/libs/uvm-1.2/src/reg/sequences/uvm_reg_mem_hdl_paths_seq.svh [7 ms, 175 lines, SystemVerilog_2012] ...
Done /opt/dvt_eclipse/dvt_eclipse/predefined_projects/libs/uvm-1.2/src/reg/uvm_reg_model.svh [0 ms, 444 lines, SystemVerilog_2012] ...
Done /opt/dvt_eclipse/dvt_eclipse/predefined_projects/libs/uvm-1.2/src/uvm_pkg.sv [0 ms, 43 lines, SystemVerilog_2012] ...
Loading (145) /home/verifier/project/rkv_labs/AHB-GPIO/verilog/cmsdk_iop_gpio.v ...
Done /home/verifier/project/rkv_labs/AHB-GPIO/verilog/cmsdk_iop_gpio.v [21 ms, 1152 lines, Verilog_2001] ...
Loading (146) /home/verifier/project/rkv_labs/AHB-GPIO/verilog/cmsdk_ahb_gpio.v ...
Done /home/verifier/project/rkv_labs/AHB-GPIO/verilog/cmsdk_ahb_gpio.v [2 ms, 145 lines, Verilog_2001] ...
Loading (147) /home/verifier/project/rkv_labs/AHB-GPIO/verilog/cmsdk_ahb_to_iop.v ...
Done /home/verifier/project/rkv_labs/AHB-GPIO/verilog/cmsdk_ahb_to_iop.v [0 ms, 114 lines, Verilog_2001] ...
Loading (148) /home/verifier/project/rkv_labs/AHB-GPIO/uvm/vip_lib/lvc_ahb/lvc_ahb_pkg.sv ...
Skip (optimized) /opt/dvt_eclipse/dvt_eclipse/predefined_projects/libs/uvm-1.2/src/uvm_macros.svh ...
Loading (149) /home/verifier/project/rkv_labs/AHB-GPIO/uvm/vip_lib/lvc_ahb/lvc_ahb_defines.svh ...
Done /home/verifier/project/rkv_labs/AHB-GPIO/uvm/vip_lib/lvc_ahb/lvc_ahb_defines.svh [0 ms, 13 lines, SystemVerilog_2012] ...
Loading (150) /home/verifier/project/rkv_labs/AHB-GPIO/uvm/vip_lib/lvc_ahb/lvc_ahb_types.sv ...
Done /home/verifier/project/rkv_labs/AHB-GPIO/uvm/vip_lib/lvc_ahb/lvc_ahb_types.sv [1 ms, 78 lines, SystemVerilog_2012] ...
Loading (151) /home/verifier/project/rkv_labs/AHB-GPIO/uvm/vip_lib/lvc_ahb/lvc_ahb_configuration.sv ...
Done /home/verifier/project/rkv_labs/AHB-GPIO/uvm/vip_lib/lvc_ahb/lvc_ahb_configuration.sv [1 ms, 18 lines, SystemVerilog_2012] ...
Loading (152) /home/verifier/project/rkv_labs/AHB-GPIO/uvm/vip_lib/lvc_ahb/lvc_ahb_agent_configuration.sv ...
Done /home/verifier/project/rkv_labs/AHB-GPIO/uvm/vip_lib/lvc_ahb/lvc_ahb_agent_configuration.sv [0 ms, 21 lines, SystemVerilog_2012] ...
Loading (153) /home/verifier/project/rkv_labs/AHB-GPIO/uvm/vip_lib/lvc_ahb/lvc_ahb_transaction.sv ...
Done /home/verifier/project/rkv_labs/AHB-GPIO/uvm/vip_lib/lvc_ahb/lvc_ahb_transaction.sv [35 ms, 67 lines, SystemVerilog_2012] ...
Loading (154) /home/verifier/project/rkv_labs/AHB-GPIO/uvm/vip_lib/lvc_ahb/lvc_ahb_sequencer.sv ...
Done /home/verifier/project/rkv_labs/AHB-GPIO/uvm/vip_lib/lvc_ahb/lvc_ahb_sequencer.sv [1 ms, 28 lines, SystemVerilog_2012] ...
Loading (155) /home/verifier/project/rkv_labs/AHB-GPIO/uvm/vip_lib/lvc_ahb/lvc_ahb_driver.sv ...
Done /home/verifier/project/rkv_labs/AHB-GPIO/uvm/vip_lib/lvc_ahb/lvc_ahb_driver.sv [1 ms, 55 lines, SystemVerilog_2012] ...
Loading (156) /home/verifier/project/rkv_labs/AHB-GPIO/uvm/vip_lib/lvc_ahb/lvc_ahb_monitor.sv ...
Done /home/verifier/project/rkv_labs/AHB-GPIO/uvm/vip_lib/lvc_ahb/lvc_ahb_monitor.sv [1 ms, 73 lines, SystemVerilog_2012] ...
Loading (157) /home/verifier/project/rkv_labs/AHB-GPIO/uvm/vip_lib/lvc_ahb/lvc_ahb_master_transaction.sv ...
Done /home/verifier/project/rkv_labs/AHB-GPIO/uvm/vip_lib/lvc_ahb/lvc_ahb_master_transaction.sv [1 ms, 18 lines, SystemVerilog_2012] ...
Loading (158) /home/verifier/project/rkv_labs/AHB-GPIO/uvm/vip_lib/lvc_ahb/lvc_ahb_master_driver.sv ...
Done /home/verifier/project/rkv_labs/AHB-GPIO/uvm/vip_lib/lvc_ahb/lvc_ahb_master_driver.sv [3 ms, 161 lines, SystemVerilog_2012] ...
Loading (159) /home/verifier/project/rkv_labs/AHB-GPIO/uvm/vip_lib/lvc_ahb/lvc_ahb_master_monitor.sv ...
Done /home/verifier/project/rkv_labs/AHB-GPIO/uvm/vip_lib/lvc_ahb/lvc_ahb_master_monitor.sv [1 ms, 30 lines, SystemVerilog_2012] ...
Loading (160) /home/verifier/project/rkv_labs/AHB-GPIO/uvm/vip_lib/lvc_ahb/lvc_ahb_master_sequencer.sv ...
Done /home/verifier/project/rkv_labs/AHB-GPIO/uvm/vip_lib/lvc_ahb/lvc_ahb_master_sequencer.sv [1 ms, 31 lines, SystemVerilog_2012] ...
Loading (161) /home/verifier/project/rkv_labs/AHB-GPIO/uvm/vip_lib/lvc_ahb/lvc_ahb_master_agent.sv ...
Done /home/verifier/project/rkv_labs/AHB-GPIO/uvm/vip_lib/lvc_ahb/lvc_ahb_master_agent.sv [1 ms, 59 lines, SystemVerilog_2012] ...
Loading (162) /home/verifier/project/rkv_labs/AHB-GPIO/uvm/vip_lib/lvc_ahb/sequence_lib/lvc_ahb_sequence_lib.svh ...
Loading (163) /home/verifier/project/rkv_labs/AHB-GPIO/uvm/vip_lib/lvc_ahb/sequence_lib/lvc_ahb_base_sequence.sv ...
Done /home/verifier/project/rkv_labs/AHB-GPIO/uvm/vip_lib/lvc_ahb/sequence_lib/lvc_ahb_base_sequence.sv [1 ms, 16 lines, SystemVerilog_2012] ...
Loading (164) /home/verifier/project/rkv_labs/AHB-GPIO/uvm/vip_lib/lvc_ahb/sequence_lib/lvc_ahb_master_single_trans.sv ...
Done /home/verifier/project/rkv_labs/AHB-GPIO/uvm/vip_lib/lvc_ahb/sequence_lib/lvc_ahb_master_single_trans.sv [2 ms, 41 lines, SystemVerilog_2012] ...
Done /home/verifier/project/rkv_labs/AHB-GPIO/uvm/vip_lib/lvc_ahb/sequence_lib/lvc_ahb_sequence_lib.svh [0 ms, 9 lines, SystemVerilog_2012] ...
Done /home/verifier/project/rkv_labs/AHB-GPIO/uvm/vip_lib/lvc_ahb/lvc_ahb_pkg.sv [0 ms, 28 lines, SystemVerilog_2012] ...
Loading (165) /home/verifier/project/rkv_labs/AHB-GPIO/uvm/vip_lib/lvc_ahb/lvc_ahb_if.sv ...
Loading (166) /home/verifier/project/rkv_labs/AHB-GPIO/uvm/vip_lib/lvc_ahb/lvc_ahb_defines.svh ...
Done /home/verifier/project/rkv_labs/AHB-GPIO/uvm/vip_lib/lvc_ahb/lvc_ahb_defines.svh [0 ms, 13 lines, SystemVerilog_2012] ...
Done /home/verifier/project/rkv_labs/AHB-GPIO/uvm/vip_lib/lvc_ahb/lvc_ahb_if.sv [1 ms, 67 lines, SystemVerilog_2012] ...
Loading (167) /home/verifier/project/rkv_labs/AHB-GPIO/uvm/tb/rkv_gpio_if.sv ...
Done /home/verifier/project/rkv_labs/AHB-GPIO/uvm/tb/rkv_gpio_if.sv [1 ms, 36 lines, SystemVerilog_2012] ...
Loading (168) /home/verifier/project/rkv_labs/AHB-GPIO/uvm/env/rkv_gpio_pkg.sv ...
Skip (optimized) /opt/dvt_eclipse/dvt_eclipse/predefined_projects/libs/uvm-1.2/src/uvm_macros.svh ...
Loading (169) /home/verifier/project/rkv_labs/AHB-GPIO/uvm/cfg/rkv_gpio_defines.sv ...
Done /home/verifier/project/rkv_labs/AHB-GPIO/uvm/cfg/rkv_gpio_defines.sv [0 ms, 26 lines, SystemVerilog_2012] ...
Loading (170) /home/verifier/project/rkv_labs/AHB-GPIO/uvm/reg/rkv_gpio_reg.sv ...
Done /home/verifier/project/rkv_labs/AHB-GPIO/uvm/reg/rkv_gpio_reg.sv [52 ms, 1672 lines, SystemVerilog_2012] ...
Loading (171) /home/verifier/project/rkv_labs/AHB-GPIO/uvm/cfg/rkv_gpio_config.sv ...
Done /home/verifier/project/rkv_labs/AHB-GPIO/uvm/cfg/rkv_gpio_config.sv [1 ms, 32 lines, SystemVerilog_2012] ...
Loading (172) /home/verifier/project/rkv_labs/AHB-GPIO/uvm/env/rkv_gpio_reg_adapter.sv ...
Done /home/verifier/project/rkv_labs/AHB-GPIO/uvm/env/rkv_gpio_reg_adapter.sv [1 ms, 38 lines, SystemVerilog_2012] ...
Loading (173) /home/verifier/project/rkv_labs/AHB-GPIO/uvm/env/rkv_gpio_subscriber.sv ...
Done /home/verifier/project/rkv_labs/AHB-GPIO/uvm/env/rkv_gpio_subscriber.sv [1 ms, 52 lines, SystemVerilog_2012] ...
Loading (174) /home/verifier/project/rkv_labs/AHB-GPIO/uvm/cov/rkv_gpio_cov.sv ...
Done /home/verifier/project/rkv_labs/AHB-GPIO/uvm/cov/rkv_gpio_cov.sv [0 ms, 27 lines, SystemVerilog_2012] ...
Loading (175) /home/verifier/project/rkv_labs/AHB-GPIO/uvm/env/rkv_gpio_scoreboard.sv ...
Done /home/verifier/project/rkv_labs/AHB-GPIO/uvm/env/rkv_gpio_scoreboard.sv [0 ms, 29 lines, SystemVerilog_2012] ...
Loading (176) /home/verifier/project/rkv_labs/AHB-GPIO/uvm/env/rkv_gpio_virtual_sequencer.sv ...
Done /home/verifier/project/rkv_labs/AHB-GPIO/uvm/env/rkv_gpio_virtual_sequencer.sv [0 ms, 27 lines, SystemVerilog_2012] ...
Loading (177) /home/verifier/project/rkv_labs/AHB-GPIO/uvm/env/rkv_gpio_env.sv ...
Done /home/verifier/project/rkv_labs/AHB-GPIO/uvm/env/rkv_gpio_env.sv [2 ms, 79 lines, SystemVerilog_2012] ...
Loading (178) /home/verifier/project/rkv_labs/AHB-GPIO/uvm/seq_lib/rkv_gpio_seq_lib.svh ...
Loading (179) /home/verifier/project/rkv_labs/AHB-GPIO/uvm/seq_lib/elem_seqs/rkv_gpio_element_sequences.svh ...
Loading (180) /home/verifier/project/rkv_labs/AHB-GPIO/uvm/seq_lib/elem_seqs/rkv_gpio_base_element_sequence.sv ...
Done /home/verifier/project/rkv_labs/AHB-GPIO/uvm/seq_lib/elem_seqs/rkv_gpio_base_element_sequence.sv [2 ms, 41 lines, SystemVerilog_2012] ...
Loading (181) /home/verifier/project/rkv_labs/AHB-GPIO/uvm/seq_lib/elem_seqs/rkv_gpio_single_write_seq.sv ...
Done /home/verifier/project/rkv_labs/AHB-GPIO/uvm/seq_lib/elem_seqs/rkv_gpio_single_write_seq.sv [2 ms, 29 lines, SystemVerilog_2012] ...
Loading (182) /home/verifier/project/rkv_labs/AHB-GPIO/uvm/seq_lib/elem_seqs/rkv_gpio_single_read_seq.sv ...
Done /home/verifier/project/rkv_labs/AHB-GPIO/uvm/seq_lib/elem_seqs/rkv_gpio_single_read_seq.sv [2 ms, 30 lines, SystemVerilog_2012] ...
Done /home/verifier/project/rkv_labs/AHB-GPIO/uvm/seq_lib/elem_seqs/rkv_gpio_element_sequences.svh [0 ms, 12 lines, SystemVerilog_2012] ...
Loading (183) /home/verifier/project/rkv_labs/AHB-GPIO/uvm/seq_lib/rkv_gpio_base_virtual_sequence.sv ...
Done /home/verifier/project/rkv_labs/AHB-GPIO/uvm/seq_lib/rkv_gpio_base_virtual_sequence.sv [6 ms, 187 lines, SystemVerilog_2012] ...
Loading (184) /home/verifier/project/rkv_labs/AHB-GPIO/uvm/seq_lib/rkv_gpio_portout_set_virt_seq.sv ...
Done /home/verifier/project/rkv_labs/AHB-GPIO/uvm/seq_lib/rkv_gpio_portout_set_virt_seq.sv [2 ms, 57 lines, SystemVerilog_2012] ...
Loading (185) /home/verifier/project/rkv_labs/AHB-GPIO/uvm/seq_lib/rkv_gpio_interrupt_set_clear_virt_seq.sv ...
Done /home/verifier/project/rkv_labs/AHB-GPIO/uvm/seq_lib/rkv_gpio_interrupt_set_clear_virt_seq.sv [3 ms, 101 lines, SystemVerilog_2012] ...
Loading (186) /home/verifier/project/rkv_labs/AHB-GPIO/uvm/seq_lib/rkv_gpio_masked_access_virt_seq.sv ...
Done /home/verifier/project/rkv_labs/AHB-GPIO/uvm/seq_lib/rkv_gpio_masked_access_virt_seq.sv [2 ms, 77 lines, SystemVerilog_2012] ...
Done /home/verifier/project/rkv_labs/AHB-GPIO/uvm/seq_lib/rkv_gpio_seq_lib.svh [0 ms, 11 lines, SystemVerilog_2012] ...
Loading (187) /home/verifier/project/rkv_labs/AHB-GPIO/uvm/test/rkv_gpio_tests.svh ...
Loading (188) /home/verifier/project/rkv_labs/AHB-GPIO/uvm/test/rkv_gpio_base_test.sv ...
Done /home/verifier/project/rkv_labs/AHB-GPIO/uvm/test/rkv_gpio_base_test.sv [1 ms, 42 lines, SystemVerilog_2012] ...
Loading (189) /home/verifier/project/rkv_labs/AHB-GPIO/uvm/test/rkv_gpio_portout_set_test.sv ...
Done /home/verifier/project/rkv_labs/AHB-GPIO/uvm/test/rkv_gpio_portout_set_test.sv [0 ms, 27 lines, SystemVerilog_2012] ...
Loading (190) /home/verifier/project/rkv_labs/AHB-GPIO/uvm/test/rkv_gpio_interrupt_set_clear_test.sv ...
Done /home/verifier/project/rkv_labs/AHB-GPIO/uvm/test/rkv_gpio_interrupt_set_clear_test.sv [0 ms, 27 lines, SystemVerilog_2012] ...
Loading (191) /home/verifier/project/rkv_labs/AHB-GPIO/uvm/test/rkv_gpio_masked_access_test.sv ...
Done /home/verifier/project/rkv_labs/AHB-GPIO/uvm/test/rkv_gpio_masked_access_test.sv [1 ms, 27 lines, SystemVerilog_2012] ...
Done /home/verifier/project/rkv_labs/AHB-GPIO/uvm/test/rkv_gpio_tests.svh [0 ms, 11 lines, SystemVerilog_2012] ...
Done /home/verifier/project/rkv_labs/AHB-GPIO/uvm/env/rkv_gpio_pkg.sv [0 ms, 27 lines, SystemVerilog_2012] ...
Loading (192) /home/verifier/project/rkv_labs/AHB-GPIO/uvm/tb/rkv_gpio_tb.sv ...
Skip (optimized) /opt/dvt_eclipse/dvt_eclipse/predefined_projects/libs/uvm-1.2/src/uvm_macros.svh ...
Done /home/verifier/project/rkv_labs/AHB-GPIO/uvm/tb/rkv_gpio_tb.sv [1 ms, 65 lines, SystemVerilog_2012] ...
*** Done parsing [LT 815.0 ms, PT 1279.0 ms, SGT 9%, UGT 12%] ***
*** Total number of lines [80 825] ***
Performing post full build actions ...
Performing post full build step 1 (SRI) [30 ms] ...
Performing post full build step 2 (RI) [3 ms] ...
Performing post full build step 3 (RCP) [20 ms] ...
*** Done SystemVerilog build [1s.361ms] ***
*** Start mixed mode extension build ***
Performing mixed post full build step 1 (Verilog - RI) [4 ms] ...
Performing mixed post full build step 2 (Verilog - RC) [5 ms] ...
Performing mixed post full build step 3 (Verilog - RPC) [7 ms] ...
Performing mixed post full build step 4 (Verilog - RD) [18 ms] ...
Performing mixed post full build step 5 (Verilog - FSC) [606 ms] ...
Performing mixed post full build step 6 (Verilog - EV) [259 ms] ...
Performing mixed post full build step 7 (Verilog - US) [50 ms] ...
*** Done mixed mode extension build [1s.206ms] ***
*** Start adding/validating the DVT Auto-Linked resources ***
*** Done adding/validating the DVT Auto-Linked resources [15 ms] ***
*** Total build time [2s.574ms] ***
